<?xml version="1.0" encoding="UTF-8"?>
<!-- Generated by org.testng.reporters.JUnitXMLReporter -->
<testsuite hostname="DESKTOP-Q3CJFLA" name="WebPWASanityScript" tests="2" failures="1" timestamp="4 Sep 2020 11:12:47 GMT" time="10.541" errors="0">
  <testcase name="@BeforeTest init" time="0.0" classname="com.zee5.PWASanityScripts.WebPWASanityScript">
    <skipped/>
  </testcase> <!-- @BeforeTest init -->
  <testcase name="@AfterClass tearDown" time="0.0" classname="com.zee5.PWASanityScripts.WebPWASanityScript">
    <skipped/>
  </testcase> <!-- @AfterClass tearDown -->
  <testcase name="PWAWEBLogin" time="0.007" classname="com.zee5.PWASanityScripts.WebPWASanityScript">
    <skipped/>
  </testcase> <!-- PWAWEBLogin -->
  <testcase name="PWAWEBLogin" time="0.012" classname="com.zee5.PWASanityScripts.WebPWASanityScript">
    <failure type="java.lang.IllegalArgumentException" message="nodeName cannot be null or empty">
      <![CDATA[java.lang.IllegalArgumentException: nodeName cannot be null or empty
	at com.aventstack.extentreports.ExtentTest.createNode(ExtentTest.java:166)
	at com.aventstack.extentreports.ExtentTest.createNode(ExtentTest.java:274)
	at com.extent.ExtentReporter.HeaderChildNode(ExtentReporter.java:164)
	at com.extent.ExtentReporter.onTestSkipped(ExtentReporter.java:156)
... Removed 21 stack frames]]>
    </failure>
  </testcase> <!-- PWAWEBLogin -->
</testsuite> <!-- WebPWASanityScript -->
